 * Serving Flask app 'testsite'
 * Debug mode: off
[31m[1mWARNING: This is a development server. Do not use it in a production deployment. Use a production WSGI server instead.[0m
 * Running on all addresses (0.0.0.0)
 * Running on http://127.0.0.1:15650
 * Running on http://192.168.1.5:15650
[33mPress CTRL+C to quit[0m
 * Serving Flask app 'testsite'
 * Debug mode: off
[31m[1mWARNING: This is a development server. Do not use it in a production deployment. Use a production WSGI server instead.[0m
 * Running on all addresses (0.0.0.0)
 * Running on http://127.0.0.1:15650
 * Running on http://192.168.1.5:15650
[33mPress CTRL+C to quit[0m
 * Serving Flask app 'testsite'
 * Debug mode: off
Address already in use
Port 15650 is in use by another program. Either identify and stop that program, or start the server with a different port.
 * Serving Flask app 'testsite'
 * Debug mode: off
Address already in use
Port 15650 is in use by another program. Either identify and stop that program, or start the server with a different port.
 * Serving Flask app 'testsite'
 * Debug mode: off
Address already in use
Port 15650 is in use by another program. Either identify and stop that program, or start the server with a different port.
 * Serving Flask app 'testsite'
 * Debug mode: off
Address already in use
Port 15650 is in use by another program. Either identify and stop that program, or start the server with a different port.
 * Serving Flask app 'testsite'
 * Debug mode: off
Address already in use
Port 15650 is in use by another program. Either identify and stop that program, or start the server with a different port.
 * Serving Flask app 'testsite'
 * Debug mode: off
Address already in use
Port 15650 is in use by another program. Either identify and stop that program, or start the server with a different port.
 * Serving Flask app 'testsite'
 * Debug mode: off
Address already in use
Port 15650 is in use by another program. Either identify and stop that program, or start the server with a different port.
 * Serving Flask app 'testsite'
 * Debug mode: off
Address already in use
Port 15650 is in use by another program. Either identify and stop that program, or start the server with a different port.
 * Serving Flask app 'testsite'
 * Debug mode: off
Address already in use
Port 15650 is in use by another program. Either identify and stop that program, or start the server with a different port.
 * Serving Flask app 'testsite'
 * Debug mode: off
Address already in use
Port 15650 is in use by another program. Either identify and stop that program, or start the server with a different port.
 * Serving Flask app 'testsite'
 * Debug mode: off
Address already in use
Port 15650 is in use by another program. Either identify and stop that program, or start the server with a different port.
 * Serving Flask app 'testsite'
 * Debug mode: off
Address already in use
Port 15650 is in use by another program. Either identify and stop that program, or start the server with a different port.
 * Serving Flask app 'testsite'
 * Debug mode: off
Address already in use
Port 15650 is in use by another program. Either identify and stop that program, or start the server with a different port.
 * Serving Flask app 'testsite'
 * Debug mode: off
Address already in use
Port 15650 is in use by another program. Either identify and stop that program, or start the server with a different port.
 * Serving Flask app 'testsite'
 * Debug mode: off
Address already in use
Port 15650 is in use by another program. Either identify and stop that program, or start the server with a different port.
 * Serving Flask app 'testsite'
 * Debug mode: off
Address already in use
Port 15650 is in use by another program. Either identify and stop that program, or start the server with a different port.
 * Serving Flask app 'testsite'
 * Debug mode: off
Address already in use
Port 15650 is in use by another program. Either identify and stop that program, or start the server with a different port.
 * Serving Flask app 'testsite'
 * Debug mode: off
Address already in use
Port 15650 is in use by another program. Either identify and stop that program, or start the server with a different port.
 * Serving Flask app 'testsite'
 * Debug mode: off
Address already in use
Port 15650 is in use by another program. Either identify and stop that program, or start the server with a different port.
 * Serving Flask app 'testsite'
 * Debug mode: off
Address already in use
Port 15650 is in use by another program. Either identify and stop that program, or start the server with a different port.
 * Serving Flask app 'testsite'
 * Debug mode: off
Address already in use
Port 15650 is in use by another program. Either identify and stop that program, or start the server with a different port.
 * Serving Flask app 'testsite'
 * Debug mode: off
Address already in use
Port 15650 is in use by another program. Either identify and stop that program, or start the server with a different port.
 * Serving Flask app 'testsite'
 * Debug mode: off
Address already in use
Port 15650 is in use by another program. Either identify and stop that program, or start the server with a different port.
 * Serving Flask app 'testsite'
 * Debug mode: off
Address already in use
Port 15650 is in use by another program. Either identify and stop that program, or start the server with a different port.
 * Serving Flask app 'testsite'
 * Debug mode: off
Address already in use
Port 15650 is in use by another program. Either identify and stop that program, or start the server with a different port.
 * Serving Flask app 'testsite'
 * Debug mode: off
Address already in use
Port 15650 is in use by another program. Either identify and stop that program, or start the server with a different port.
 * Serving Flask app 'testsite'
 * Debug mode: off
Address already in use
Port 15650 is in use by another program. Either identify and stop that program, or start the server with a different port.
 * Serving Flask app 'testsite'
 * Debug mode: off
Address already in use
Port 15650 is in use by another program. Either identify and stop that program, or start the server with a different port.
 * Serving Flask app 'testsite'
 * Debug mode: off
Address already in use
Port 15650 is in use by another program. Either identify and stop that program, or start the server with a different port.
 * Serving Flask app 'testsite'
 * Debug mode: off
Address already in use
Port 15650 is in use by another program. Either identify and stop that program, or start the server with a different port.
 * Serving Flask app 'testsite'
 * Debug mode: off
Address already in use
Port 15650 is in use by another program. Either identify and stop that program, or start the server with a different port.
 * Serving Flask app 'testsite'
 * Debug mode: off
Address already in use
Port 15650 is in use by another program. Either identify and stop that program, or start the server with a different port.
 * Serving Flask app 'testsite'
 * Debug mode: off
Address already in use
Port 15650 is in use by another program. Either identify and stop that program, or start the server with a different port.
 * Serving Flask app 'testsite'
 * Debug mode: off
Address already in use
Port 15650 is in use by another program. Either identify and stop that program, or start the server with a different port.
 * Serving Flask app 'testsite'
 * Debug mode: off
Address already in use
Port 15650 is in use by another program. Either identify and stop that program, or start the server with a different port.
 * Serving Flask app 'testsite'
 * Debug mode: off
Address already in use
Port 15650 is in use by another program. Either identify and stop that program, or start the server with a different port.
 * Serving Flask app 'testsite'
 * Debug mode: off
Address already in use
Port 15650 is in use by another program. Either identify and stop that program, or start the server with a different port.
 * Serving Flask app 'testsite'
 * Debug mode: off
Address already in use
Port 15650 is in use by another program. Either identify and stop that program, or start the server with a different port.
 * Serving Flask app 'testsite'
 * Debug mode: off
Address already in use
Port 15650 is in use by another program. Either identify and stop that program, or start the server with a different port.
 * Serving Flask app 'testsite'
 * Debug mode: off
Address already in use
Port 15650 is in use by another program. Either identify and stop that program, or start the server with a different port.
 * Serving Flask app 'testsite'
 * Debug mode: off
Address already in use
Port 15650 is in use by another program. Either identify and stop that program, or start the server with a different port.
 * Serving Flask app 'testsite'
 * Debug mode: off
Address already in use
Port 15650 is in use by another program. Either identify and stop that program, or start the server with a different port.
 * Serving Flask app 'testsite'
 * Debug mode: off
Address already in use
Port 15650 is in use by another program. Either identify and stop that program, or start the server with a different port.
 * Serving Flask app 'testsite'
 * Debug mode: off
Address already in use
Port 15650 is in use by another program. Either identify and stop that program, or start the server with a different port.
 * Serving Flask app 'testsite'
 * Debug mode: off
Address already in use
Port 15650 is in use by another program. Either identify and stop that program, or start the server with a different port.
 * Serving Flask app 'testsite'
 * Debug mode: off
Address already in use
Port 15650 is in use by another program. Either identify and stop that program, or start the server with a different port.
 * Serving Flask app 'testsite'
 * Debug mode: off
Address already in use
Port 15650 is in use by another program. Either identify and stop that program, or start the server with a different port.
 * Serving Flask app 'testsite'
 * Debug mode: off
Address already in use
Port 15650 is in use by another program. Either identify and stop that program, or start the server with a different port.
 * Serving Flask app 'testsite'
 * Debug mode: off
Address already in use
Port 15650 is in use by another program. Either identify and stop that program, or start the server with a different port.
 * Serving Flask app 'testsite'
 * Debug mode: off
[31m[1mWARNING: This is a development server. Do not use it in a production deployment. Use a production WSGI server instead.[0m
 * Running on all addresses (0.0.0.0)
 * Running on http://127.0.0.1:15650
 * Running on http://192.168.1.5:15650
[33mPress CTRL+C to quit[0m
 * Serving Flask app 'testsite'
 * Debug mode: off
Address already in use
Port 15650 is in use by another program. Either identify and stop that program, or start the server with a different port.
 * Serving Flask app 'testsite'
 * Debug mode: off
Address already in use
Port 15650 is in use by another program. Either identify and stop that program, or start the server with a different port.
 * Serving Flask app 'testsite'
 * Debug mode: off
Address already in use
Port 15650 is in use by another program. Either identify and stop that program, or start the server with a different port.
 * Serving Flask app 'testsite'
 * Debug mode: off
Address already in use
Port 15650 is in use by another program. Either identify and stop that program, or start the server with a different port.
 * Serving Flask app 'testsite'
 * Debug mode: off
Address already in use
Port 15650 is in use by another program. Either identify and stop that program, or start the server with a different port.
 * Serving Flask app 'testsite'
 * Debug mode: off
Address already in use
Port 15650 is in use by another program. Either identify and stop that program, or start the server with a different port.
 * Serving Flask app 'testsite'
 * Debug mode: off
Address already in use
Port 15650 is in use by another program. Either identify and stop that program, or start the server with a different port.
 * Serving Flask app 'testsite'
 * Debug mode: off
Address already in use
Port 15650 is in use by another program. Either identify and stop that program, or start the server with a different port.
 * Serving Flask app 'testsite'
 * Debug mode: off
Address already in use
Port 15650 is in use by another program. Either identify and stop that program, or start the server with a different port.
 * Serving Flask app 'testsite'
 * Debug mode: off
Address already in use
Port 15650 is in use by another program. Either identify and stop that program, or start the server with a different port.
 * Serving Flask app 'testsite'
 * Debug mode: off
Address already in use
Port 15650 is in use by another program. Either identify and stop that program, or start the server with a different port.
 * Serving Flask app 'testsite'
 * Debug mode: off
Address already in use
Port 15650 is in use by another program. Either identify and stop that program, or start the server with a different port.
 * Serving Flask app 'testsite'
 * Debug mode: off
Address already in use
Port 15650 is in use by another program. Either identify and stop that program, or start the server with a different port.
 * Serving Flask app 'testsite'
 * Debug mode: off
Address already in use
Port 15650 is in use by another program. Either identify and stop that program, or start the server with a different port.
 * Serving Flask app 'testsite'
 * Debug mode: off
Address already in use
Port 15650 is in use by another program. Either identify and stop that program, or start the server with a different port.
 * Serving Flask app 'testsite'
 * Debug mode: off
Address already in use
Port 15650 is in use by another program. Either identify and stop that program, or start the server with a different port.
 * Serving Flask app 'testsite'
 * Debug mode: off
Address already in use
Port 15650 is in use by another program. Either identify and stop that program, or start the server with a different port.
 * Serving Flask app 'testsite'
 * Debug mode: off
Address already in use
Port 15650 is in use by another program. Either identify and stop that program, or start the server with a different port.
 * Serving Flask app 'testsite'
 * Debug mode: off
Address already in use
Port 15650 is in use by another program. Either identify and stop that program, or start the server with a different port.
 * Serving Flask app 'testsite'
 * Debug mode: off
Address already in use
Port 15650 is in use by another program. Either identify and stop that program, or start the server with a different port.
 * Serving Flask app 'testsite'
 * Debug mode: off
Address already in use
Port 15650 is in use by another program. Either identify and stop that program, or start the server with a different port.
 * Serving Flask app 'testsite'
 * Debug mode: off
Address already in use
Port 15650 is in use by another program. Either identify and stop that program, or start the server with a different port.
 * Serving Flask app 'testsite'
 * Debug mode: off
Address already in use
Port 15650 is in use by another program. Either identify and stop that program, or start the server with a different port.
 * Serving Flask app 'testsite'
 * Debug mode: off
Address already in use
Port 15650 is in use by another program. Either identify and stop that program, or start the server with a different port.
 * Serving Flask app 'testsite'
 * Debug mode: off
Address already in use
Port 15650 is in use by another program. Either identify and stop that program, or start the server with a different port.
 * Serving Flask app 'testsite'
 * Debug mode: off
Address already in use
Port 15650 is in use by another program. Either identify and stop that program, or start the server with a different port.
 * Serving Flask app 'testsite'
 * Debug mode: off
Address already in use
Port 15650 is in use by another program. Either identify and stop that program, or start the server with a different port.
 * Serving Flask app 'testsite'
 * Debug mode: off
Address already in use
Port 15650 is in use by another program. Either identify and stop that program, or start the server with a different port.
 * Serving Flask app 'testsite'
 * Debug mode: off
Address already in use
Port 15650 is in use by another program. Either identify and stop that program, or start the server with a different port.
 * Serving Flask app 'testsite'
 * Debug mode: off
Address already in use
Port 15650 is in use by another program. Either identify and stop that program, or start the server with a different port.
 * Serving Flask app 'testsite'
 * Debug mode: off
Address already in use
Port 15650 is in use by another program. Either identify and stop that program, or start the server with a different port.
 * Serving Flask app 'testsite'
 * Debug mode: off
Address already in use
Port 15650 is in use by another program. Either identify and stop that program, or start the server with a different port.
 * Serving Flask app 'testsite'
 * Debug mode: off
Address already in use
Port 15650 is in use by another program. Either identify and stop that program, or start the server with a different port.
 * Serving Flask app 'testsite'
 * Debug mode: off
Address already in use
Port 15650 is in use by another program. Either identify and stop that program, or start the server with a different port.
 * Serving Flask app 'testsite'
 * Debug mode: off
Address already in use
Port 15650 is in use by another program. Either identify and stop that program, or start the server with a different port.
 * Serving Flask app 'testsite'
 * Debug mode: off
Address already in use
Port 15650 is in use by another program. Either identify and stop that program, or start the server with a different port.
 * Serving Flask app 'testsite'
 * Debug mode: off
Address already in use
Port 15650 is in use by another program. Either identify and stop that program, or start the server with a different port.
 * Serving Flask app 'testsite'
 * Debug mode: off
Address already in use
Port 15650 is in use by another program. Either identify and stop that program, or start the server with a different port.
 * Serving Flask app 'testsite'
 * Debug mode: off
Address already in use
Port 15650 is in use by another program. Either identify and stop that program, or start the server with a different port.
 * Serving Flask app 'testsite'
 * Debug mode: off
Address already in use
Port 15650 is in use by another program. Either identify and stop that program, or start the server with a different port.
 * Serving Flask app 'testsite'
 * Debug mode: off
Address already in use
Port 15650 is in use by another program. Either identify and stop that program, or start the server with a different port.
 * Serving Flask app 'testsite'
 * Debug mode: off
Address already in use
Port 15650 is in use by another program. Either identify and stop that program, or start the server with a different port.
 * Serving Flask app 'testsite'
 * Debug mode: off
Address already in use
Port 15650 is in use by another program. Either identify and stop that program, or start the server with a different port.
 * Serving Flask app 'testsite'
 * Debug mode: off
Address already in use
Port 15650 is in use by another program. Either identify and stop that program, or start the server with a different port.
 * Serving Flask app 'testsite'
 * Debug mode: off
Address already in use
Port 15650 is in use by another program. Either identify and stop that program, or start the server with a different port.
 * Serving Flask app 'testsite'
 * Debug mode: off
Address already in use
Port 15650 is in use by another program. Either identify and stop that program, or start the server with a different port.
 * Serving Flask app 'testsite'
 * Debug mode: off
Address already in use
Port 15650 is in use by another program. Either identify and stop that program, or start the server with a different port.
 * Serving Flask app 'testsite'
 * Debug mode: off
Address already in use
Port 15650 is in use by another program. Either identify and stop that program, or start the server with a different port.
 * Serving Flask app 'testsite'
 * Debug mode: off
Address already in use
Port 15650 is in use by another program. Either identify and stop that program, or start the server with a different port.
 * Serving Flask app 'testsite'
 * Debug mode: off
Address already in use
Port 15650 is in use by another program. Either identify and stop that program, or start the server with a different port.
 * Serving Flask app 'testsite'
 * Debug mode: off
[31m[1mWARNING: This is a development server. Do not use it in a production deployment. Use a production WSGI server instead.[0m
 * Running on all addresses (0.0.0.0)
 * Running on http://127.0.0.1:15650
 * Running on http://192.168.0.108:15650
[33mPress CTRL+C to quit[0m
 * Serving Flask app 'testsite'
 * Debug mode: off
[31m[1mWARNING: This is a development server. Do not use it in a production deployment. Use a production WSGI server instead.[0m
 * Running on all addresses (0.0.0.0)
 * Running on http://127.0.0.1:15650
 * Running on http://192.168.0.108:15650
[33mPress CTRL+C to quit[0m
 * Serving Flask app 'testsite'
 * Debug mode: off
[31m[1mWARNING: This is a development server. Do not use it in a production deployment. Use a production WSGI server instead.[0m
 * Running on all addresses (0.0.0.0)
 * Running on http://127.0.0.1:15650
 * Running on http://192.168.0.108:15650
[33mPress CTRL+C to quit[0m
 * Serving Flask app 'testsite'
 * Debug mode: off
[31m[1mWARNING: This is a development server. Do not use it in a production deployment. Use a production WSGI server instead.[0m
 * Running on all addresses (0.0.0.0)
 * Running on http://127.0.0.1:15650
 * Running on http://192.168.0.108:15650
[33mPress CTRL+C to quit[0m
 * Serving Flask app 'testsite'
 * Debug mode: off
[31m[1mWARNING: This is a development server. Do not use it in a production deployment. Use a production WSGI server instead.[0m
 * Running on all addresses (0.0.0.0)
 * Running on http://127.0.0.1:15650
 * Running on http://192.168.0.108:15650
[33mPress CTRL+C to quit[0m
 * Serving Flask app 'testsite'
 * Debug mode: off
[31m[1mWARNING: This is a development server. Do not use it in a production deployment. Use a production WSGI server instead.[0m
 * Running on all addresses (0.0.0.0)
 * Running on http://127.0.0.1:15650
 * Running on http://192.168.0.108:15650
[33mPress CTRL+C to quit[0m
 * Serving Flask app 'testsite'
 * Debug mode: off
[31m[1mWARNING: This is a development server. Do not use it in a production deployment. Use a production WSGI server instead.[0m
 * Running on all addresses (0.0.0.0)
 * Running on http://127.0.0.1:15650
 * Running on http://192.168.0.108:15650
[33mPress CTRL+C to quit[0m
 * Serving Flask app 'testsite'
 * Debug mode: off
[31m[1mWARNING: This is a development server. Do not use it in a production deployment. Use a production WSGI server instead.[0m
 * Running on all addresses (0.0.0.0)
 * Running on http://127.0.0.1:15650
 * Running on http://192.168.0.108:15650
[33mPress CTRL+C to quit[0m
 * Serving Flask app 'testsite'
 * Debug mode: off
[31m[1mWARNING: This is a development server. Do not use it in a production deployment. Use a production WSGI server instead.[0m
 * Running on all addresses (0.0.0.0)
 * Running on http://127.0.0.1:15650
 * Running on http://192.168.0.108:15650
[33mPress CTRL+C to quit[0m
 * Serving Flask app 'testsite'
 * Debug mode: off
[31m[1mWARNING: This is a development server. Do not use it in a production deployment. Use a production WSGI server instead.[0m
 * Running on all addresses (0.0.0.0)
 * Running on http://127.0.0.1:15650
 * Running on http://192.168.0.108:15650
[33mPress CTRL+C to quit[0m
 * Serving Flask app 'testsite'
 * Debug mode: off
[31m[1mWARNING: This is a development server. Do not use it in a production deployment. Use a production WSGI server instead.[0m
 * Running on all addresses (0.0.0.0)
 * Running on http://127.0.0.1:15650
 * Running on http://192.168.0.108:15650
[33mPress CTRL+C to quit[0m
 * Serving Flask app 'testsite'
 * Debug mode: off
[31m[1mWARNING: This is a development server. Do not use it in a production deployment. Use a production WSGI server instead.[0m
 * Running on all addresses (0.0.0.0)
 * Running on http://127.0.0.1:15650
 * Running on http://192.168.0.108:15650
[33mPress CTRL+C to quit[0m
 * Serving Flask app 'testsite'
 * Debug mode: off
[31m[1mWARNING: This is a development server. Do not use it in a production deployment. Use a production WSGI server instead.[0m
 * Running on all addresses (0.0.0.0)
 * Running on http://127.0.0.1:15650
 * Running on http://192.168.0.108:15650
[33mPress CTRL+C to quit[0m
 * Serving Flask app 'testsite'
 * Debug mode: off
[31m[1mWARNING: This is a development server. Do not use it in a production deployment. Use a production WSGI server instead.[0m
 * Running on all addresses (0.0.0.0)
 * Running on http://127.0.0.1:15650
 * Running on http://192.168.0.108:15650
[33mPress CTRL+C to quit[0m
 * Serving Flask app 'testsite'
 * Debug mode: off
[31m[1mWARNING: This is a development server. Do not use it in a production deployment. Use a production WSGI server instead.[0m
 * Running on all addresses (0.0.0.0)
 * Running on http://127.0.0.1:15650
 * Running on http://192.168.0.108:15650
[33mPress CTRL+C to quit[0m
 * Serving Flask app 'testsite'
 * Debug mode: off
[31m[1mWARNING: This is a development server. Do not use it in a production deployment. Use a production WSGI server instead.[0m
 * Running on all addresses (0.0.0.0)
 * Running on http://127.0.0.1:15650
 * Running on http://192.168.0.108:15650
[33mPress CTRL+C to quit[0m
 * Serving Flask app 'testsite'
 * Debug mode: off
[31m[1mWARNING: This is a development server. Do not use it in a production deployment. Use a production WSGI server instead.[0m
 * Running on all addresses (0.0.0.0)
 * Running on http://127.0.0.1:15650
 * Running on http://192.168.0.108:15650
[33mPress CTRL+C to quit[0m
 * Serving Flask app 'testsite'
 * Debug mode: off
[31m[1mWARNING: This is a development server. Do not use it in a production deployment. Use a production WSGI server instead.[0m
 * Running on all addresses (0.0.0.0)
 * Running on http://127.0.0.1:15650
 * Running on http://192.168.0.108:15650
[33mPress CTRL+C to quit[0m
 * Serving Flask app 'testsite'
 * Debug mode: off
[31m[1mWARNING: This is a development server. Do not use it in a production deployment. Use a production WSGI server instead.[0m
 * Running on all addresses (0.0.0.0)
 * Running on http://127.0.0.1:15650
 * Running on http://192.168.0.108:15650
[33mPress CTRL+C to quit[0m
 * Serving Flask app 'testsite'
 * Debug mode: off
[31m[1mWARNING: This is a development server. Do not use it in a production deployment. Use a production WSGI server instead.[0m
 * Running on all addresses (0.0.0.0)
 * Running on http://127.0.0.1:15650
 * Running on http://192.168.0.108:15650
[33mPress CTRL+C to quit[0m
 * Serving Flask app 'testsite'
 * Debug mode: off
[31m[1mWARNING: This is a development server. Do not use it in a production deployment. Use a production WSGI server instead.[0m
 * Running on all addresses (0.0.0.0)
 * Running on http://127.0.0.1:15650
 * Running on http://192.168.0.108:15650
[33mPress CTRL+C to quit[0m
 * Serving Flask app 'testsite'
 * Debug mode: off
[31m[1mWARNING: This is a development server. Do not use it in a production deployment. Use a production WSGI server instead.[0m
 * Running on all addresses (0.0.0.0)
 * Running on http://127.0.0.1:15650
 * Running on http://192.168.0.108:15650
[33mPress CTRL+C to quit[0m
 * Serving Flask app 'testsite'
 * Debug mode: off
[31m[1mWARNING: This is a development server. Do not use it in a production deployment. Use a production WSGI server instead.[0m
 * Running on all addresses (0.0.0.0)
 * Running on http://127.0.0.1:15650
 * Running on http://192.168.0.108:15650
[33mPress CTRL+C to quit[0m
 * Serving Flask app 'testsite'
 * Debug mode: off
[31m[1mWARNING: This is a development server. Do not use it in a production deployment. Use a production WSGI server instead.[0m
 * Running on all addresses (0.0.0.0)
 * Running on http://127.0.0.1:15650
 * Running on http://192.168.0.108:15650
[33mPress CTRL+C to quit[0m
 * Serving Flask app 'testsite'
 * Debug mode: off
[31m[1mWARNING: This is a development server. Do not use it in a production deployment. Use a production WSGI server instead.[0m
 * Running on all addresses (0.0.0.0)
 * Running on http://127.0.0.1:15650
 * Running on http://192.168.0.108:15650
[33mPress CTRL+C to quit[0m
 * Serving Flask app 'testsite'
 * Debug mode: off
[31m[1mWARNING: This is a development server. Do not use it in a production deployment. Use a production WSGI server instead.[0m
 * Running on all addresses (0.0.0.0)
 * Running on http://127.0.0.1:15650
 * Running on http://192.168.0.108:15650
[33mPress CTRL+C to quit[0m
 * Serving Flask app 'testsite'
 * Debug mode: off
[31m[1mWARNING: This is a development server. Do not use it in a production deployment. Use a production WSGI server instead.[0m
 * Running on all addresses (0.0.0.0)
 * Running on http://127.0.0.1:15650
 * Running on http://192.168.0.108:15650
[33mPress CTRL+C to quit[0m
 * Serving Flask app 'testsite'
 * Debug mode: off
[31m[1mWARNING: This is a development server. Do not use it in a production deployment. Use a production WSGI server instead.[0m
 * Running on all addresses (0.0.0.0)
 * Running on http://127.0.0.1:15650
 * Running on http://192.168.0.108:15650
[33mPress CTRL+C to quit[0m
 * Serving Flask app 'testsite'
 * Debug mode: off
[31m[1mWARNING: This is a development server. Do not use it in a production deployment. Use a production WSGI server instead.[0m
 * Running on all addresses (0.0.0.0)
 * Running on http://127.0.0.1:15650
 * Running on http://192.168.0.108:15650
[33mPress CTRL+C to quit[0m
 * Serving Flask app 'testsite'
 * Debug mode: off
[31m[1mWARNING: This is a development server. Do not use it in a production deployment. Use a production WSGI server instead.[0m
 * Running on all addresses (0.0.0.0)
 * Running on http://127.0.0.1:15650
 * Running on http://192.168.0.108:15650
[33mPress CTRL+C to quit[0m
 * Serving Flask app 'testsite'
 * Debug mode: off
[31m[1mWARNING: This is a development server. Do not use it in a production deployment. Use a production WSGI server instead.[0m
 * Running on all addresses (0.0.0.0)
 * Running on http://127.0.0.1:15650
 * Running on http://192.168.0.108:15650
[33mPress CTRL+C to quit[0m
 * Serving Flask app 'testsite'
 * Debug mode: off
[31m[1mWARNING: This is a development server. Do not use it in a production deployment. Use a production WSGI server instead.[0m
 * Running on all addresses (0.0.0.0)
 * Running on http://127.0.0.1:15650
 * Running on http://192.168.0.108:15650
[33mPress CTRL+C to quit[0m
 * Serving Flask app 'testsite'
 * Debug mode: off
[31m[1mWARNING: This is a development server. Do not use it in a production deployment. Use a production WSGI server instead.[0m
 * Running on all addresses (0.0.0.0)
 * Running on http://127.0.0.1:15650
 * Running on http://192.168.1.5:15650
[33mPress CTRL+C to quit[0m
 * Serving Flask app 'testsite'
 * Debug mode: off
[31m[1mWARNING: This is a development server. Do not use it in a production deployment. Use a production WSGI server instead.[0m
 * Running on all addresses (0.0.0.0)
 * Running on http://127.0.0.1:15650
 * Running on http://192.168.1.5:15650
[33mPress CTRL+C to quit[0m
 * Serving Flask app 'testsite'
 * Debug mode: off
[31m[1mWARNING: This is a development server. Do not use it in a production deployment. Use a production WSGI server instead.[0m
 * Running on all addresses (0.0.0.0)
 * Running on http://127.0.0.1:15650
 * Running on http://192.168.1.5:15650
[33mPress CTRL+C to quit[0m
 * Serving Flask app 'testsite'
 * Debug mode: off
[31m[1mWARNING: This is a development server. Do not use it in a production deployment. Use a production WSGI server instead.[0m
 * Running on all addresses (0.0.0.0)
 * Running on http://127.0.0.1:15650
 * Running on http://192.168.1.5:15650
[33mPress CTRL+C to quit[0m
 * Serving Flask app 'testsite'
 * Debug mode: off
[31m[1mWARNING: This is a development server. Do not use it in a production deployment. Use a production WSGI server instead.[0m
 * Running on all addresses (0.0.0.0)
 * Running on http://127.0.0.1:15650
 * Running on http://192.168.1.5:15650
[33mPress CTRL+C to quit[0m
 * Serving Flask app 'testsite'
 * Debug mode: off
[31m[1mWARNING: This is a development server. Do not use it in a production deployment. Use a production WSGI server instead.[0m
 * Running on all addresses (0.0.0.0)
 * Running on http://127.0.0.1:15650
 * Running on http://192.168.1.5:15650
[33mPress CTRL+C to quit[0m
 * Serving Flask app 'testsite'
 * Debug mode: off
[31m[1mWARNING: This is a development server. Do not use it in a production deployment. Use a production WSGI server instead.[0m
 * Running on all addresses (0.0.0.0)
 * Running on http://127.0.0.1:15650
 * Running on http://192.168.1.5:15650
[33mPress CTRL+C to quit[0m
 * Serving Flask app 'testsite'
 * Debug mode: off
[31m[1mWARNING: This is a development server. Do not use it in a production deployment. Use a production WSGI server instead.[0m
 * Running on all addresses (0.0.0.0)
 * Running on http://127.0.0.1:15650
 * Running on http://192.168.1.5:15650
[33mPress CTRL+C to quit[0m
 * Serving Flask app 'testsite'
 * Debug mode: off
[31m[1mWARNING: This is a development server. Do not use it in a production deployment. Use a production WSGI server instead.[0m
 * Running on all addresses (0.0.0.0)
 * Running on http://127.0.0.1:15650
 * Running on http://192.168.1.5:15650
[33mPress CTRL+C to quit[0m
 * Serving Flask app 'testsite'
 * Debug mode: off
Address already in use
Port 15650 is in use by another program. Either identify and stop that program, or start the server with a different port.
 * Serving Flask app 'testsite'
 * Debug mode: off
Address already in use
Port 15650 is in use by another program. Either identify and stop that program, or start the server with a different port.
 * Serving Flask app 'testsite'
 * Debug mode: off
Address already in use
Port 15650 is in use by another program. Either identify and stop that program, or start the server with a different port.
 * Serving Flask app 'testsite'
 * Debug mode: off
Address already in use
Port 15650 is in use by another program. Either identify and stop that program, or start the server with a different port.
 * Serving Flask app 'testsite'
 * Debug mode: off
Address already in use
Port 15650 is in use by another program. Either identify and stop that program, or start the server with a different port.
 * Serving Flask app 'testsite'
 * Debug mode: off
Address already in use
Port 15650 is in use by another program. Either identify and stop that program, or start the server with a different port.
 * Serving Flask app 'testsite'
 * Debug mode: off
Address already in use
Port 15650 is in use by another program. Either identify and stop that program, or start the server with a different port.
 * Serving Flask app 'testsite'
 * Debug mode: off
Address already in use
Port 15650 is in use by another program. Either identify and stop that program, or start the server with a different port.
 * Serving Flask app 'testsite'
 * Debug mode: off
Address already in use
Port 15650 is in use by another program. Either identify and stop that program, or start the server with a different port.
 * Serving Flask app 'testsite'
 * Debug mode: off
Address already in use
Port 15650 is in use by another program. Either identify and stop that program, or start the server with a different port.
 * Serving Flask app 'testsite'
 * Debug mode: off
Address already in use
Port 15650 is in use by another program. Either identify and stop that program, or start the server with a different port.
 * Serving Flask app 'testsite'
 * Debug mode: off
[31m[1mWARNING: This is a development server. Do not use it in a production deployment. Use a production WSGI server instead.[0m
 * Running on all addresses (0.0.0.0)
 * Running on http://127.0.0.1:15650
 * Running on http://192.168.0.160:15650
[33mPress CTRL+C to quit[0m
127.0.0.1 - - [28/Aug/2025 16:07:19] "GET / HTTP/1.1" 200 -
 * Serving Flask app 'testsite'
 * Debug mode: off
[31m[1mWARNING: This is a development server. Do not use it in a production deployment. Use a production WSGI server instead.[0m
 * Running on all addresses (0.0.0.0)
 * Running on http://127.0.0.1:15650
 * Running on http://192.168.0.160:15650
[33mPress CTRL+C to quit[0m
127.0.0.1 - - [28/Aug/2025 16:10:39] "GET / HTTP/1.1" 200 -
 * Serving Flask app 'testsite'
 * Debug mode: off
[31m[1mWARNING: This is a development server. Do not use it in a production deployment. Use a production WSGI server instead.[0m
 * Running on all addresses (0.0.0.0)
 * Running on http://127.0.0.1:15650
 * Running on http://192.168.0.160:15650
[33mPress CTRL+C to quit[0m
127.0.0.1 - - [28/Aug/2025 16:31:36] "GET / HTTP/1.1" 200 -
 * Serving Flask app 'testsite'
 * Debug mode: off
[31m[1mWARNING: This is a development server. Do not use it in a production deployment. Use a production WSGI server instead.[0m
 * Running on all addresses (0.0.0.0)
 * Running on http://127.0.0.1:15650
 * Running on http://192.168.0.160:15650
[33mPress CTRL+C to quit[0m
127.0.0.1 - - [28/Aug/2025 16:36:41] "GET / HTTP/1.1" 200 -
 * Serving Flask app 'testsite'
 * Debug mode: off
[31m[1mWARNING: This is a development server. Do not use it in a production deployment. Use a production WSGI server instead.[0m
 * Running on all addresses (0.0.0.0)
 * Running on http://127.0.0.1:15650
 * Running on http://192.168.0.160:15650
[33mPress CTRL+C to quit[0m
127.0.0.1 - - [28/Aug/2025 16:55:53] "GET / HTTP/1.1" 200 -
 * Serving Flask app 'testsite'
 * Debug mode: off
[31m[1mWARNING: This is a development server. Do not use it in a production deployment. Use a production WSGI server instead.[0m
 * Running on all addresses (0.0.0.0)
 * Running on http://127.0.0.1:15650
 * Running on http://127.0.0.1:15650
[33mPress CTRL+C to quit[0m
127.0.0.1 - - [28/Aug/2025 19:18:07] "GET / HTTP/1.1" 200 -
 * Serving Flask app 'testsite'
 * Debug mode: off
[31m[1mWARNING: This is a development server. Do not use it in a production deployment. Use a production WSGI server instead.[0m
 * Running on all addresses (0.0.0.0)
 * Running on http://127.0.0.1:15650
 * Running on http://192.168.1.5:15650
[33mPress CTRL+C to quit[0m
127.0.0.1 - - [28/Aug/2025 21:30:34] "GET / HTTP/1.1" 200 -
nohup: can't detach from console: Inappropriate ioctl for device
 * Serving Flask app 'testsite'
 * Debug mode: off
[31m[1mWARNING: This is a development server. Do not use it in a production deployment. Use a production WSGI server instead.[0m
 * Running on all addresses (0.0.0.0)
 * Running on http://127.0.0.1:15650
 * Running on http://192.168.1.5:15650
[33mPress CTRL+C to quit[0m
127.0.0.1 - - [29/Aug/2025 13:38:38] "GET / HTTP/1.1" 200 -
 * Serving Flask app 'testsite'
 * Debug mode: off
Address already in use
Port 15650 is in use by another program. Either identify and stop that program, or start the server with a different port.
 * Serving Flask app 'testsite'
 * Debug mode: off
Address already in use
Port 15650 is in use by another program. Either identify and stop that program, or start the server with a different port.
 * Serving Flask app 'testsite'
 * Debug mode: off
Address already in use
Port 15650 is in use by another program. Either identify and stop that program, or start the server with a different port.
 * Serving Flask app 'testsite'
 * Debug mode: off
Address already in use
Port 15650 is in use by another program. Either identify and stop that program, or start the server with a different port.
 * Serving Flask app 'testsite'
 * Debug mode: off
Address already in use
Port 15650 is in use by another program. Either identify and stop that program, or start the server with a different port.
 * Serving Flask app 'testsite'
 * Debug mode: off
Address already in use
Port 15650 is in use by another program. Either identify and stop that program, or start the server with a different port.
 * Serving Flask app 'testsite'
 * Debug mode: off
[31m[1mWARNING: This is a development server. Do not use it in a production deployment. Use a production WSGI server instead.[0m
 * Running on all addresses (0.0.0.0)
 * Running on http://127.0.0.1:15650
 * Running on http://192.168.1.7:15650
[33mPress CTRL+C to quit[0m
127.0.0.1 - - [15/Sep/2025 12:51:48] "GET / HTTP/1.1" 200 -
 * Serving Flask app 'testsite'
 * Debug mode: off
[31m[1mWARNING: This is a development server. Do not use it in a production deployment. Use a production WSGI server instead.[0m
 * Running on all addresses (0.0.0.0)
 * Running on http://127.0.0.1:15650
 * Running on http://192.168.1.7:15650
[33mPress CTRL+C to quit[0m
127.0.0.1 - - [16/Sep/2025 23:24:23] "GET / HTTP/1.1" 200 -
 * Serving Flask app 'testsite'
 * Debug mode: off
Address already in use
Port 15650 is in use by another program. Either identify and stop that program, or start the server with a different port.
 * Serving Flask app 'testsite'
 * Debug mode: off
Address already in use
Port 15650 is in use by another program. Either identify and stop that program, or start the server with a different port.
 * Serving Flask app 'testsite'
 * Debug mode: off
Address already in use
Port 15650 is in use by another program. Either identify and stop that program, or start the server with a different port.
 * Serving Flask app 'testsite'
 * Debug mode: off
Address already in use
Port 15650 is in use by another program. Either identify and stop that program, or start the server with a different port.
 * Serving Flask app 'testsite'
 * Debug mode: off
Address already in use
Port 15650 is in use by another program. Either identify and stop that program, or start the server with a different port.
 * Serving Flask app 'testsite'
 * Debug mode: off
[31m[1mWARNING: This is a development server. Do not use it in a production deployment. Use a production WSGI server instead.[0m
 * Running on all addresses (0.0.0.0)
 * Running on http://127.0.0.1:15650
 * Running on http://192.168.1.7:15650
[33mPress CTRL+C to quit[0m
127.0.0.1 - - [19/Sep/2025 00:06:17] "GET / HTTP/1.1" 200 -
 * Serving Flask app 'testsite'
 * Debug mode: off
[31m[1mWARNING: This is a development server. Do not use it in a production deployment. Use a production WSGI server instead.[0m
 * Running on all addresses (0.0.0.0)
 * Running on http://127.0.0.1:15650
 * Running on http://192.168.1.7:15650
[33mPress CTRL+C to quit[0m
127.0.0.1 - - [20/Sep/2025 04:20:17] "GET / HTTP/1.1" 200 -
 * Serving Flask app 'testsite'
 * Debug mode: off
[31m[1mWARNING: This is a development server. Do not use it in a production deployment. Use a production WSGI server instead.[0m
 * Running on all addresses (0.0.0.0)
 * Running on http://127.0.0.1:15650
 * Running on http://192.168.1.7:15650
[33mPress CTRL+C to quit[0m
127.0.0.1 - - [20/Sep/2025 12:01:12] "GET / HTTP/1.1" 200 -
